# JRE version: OpenJDK Runtime Environment (8.0_152-b01) (build 1.8.0_152-release-1343-b01)
# Java VM: OpenJDK 64-Bit Server VM (25.152-b01 mixed mode windows-amd64 compressed oops)
Heap:
 PSYoungGen      total 385024K, used 314839K [0x00000000e0000000, 0x00000000fe480000, 0x0000000100000000)
  eden space 288256K, 100% used [0x00000000e0000000,0x00000000f1980000,0x00000000f1980000)
  from space 96768K, 27% used [0x00000000f8600000,0x00000000f9ff5df0,0x00000000fe480000)
  to   space 103936K, 50% used [0x00000000f1980000,0x00000000f4c877a0,0x00000000f7f00000)
 ParOldGen       total 211968K, used 65548K [0x00000000a0000000, 0x00000000acf00000, 0x00000000e0000000)
  object space 211968K, 30% used [0x00000000a0000000,0x00000000a4003218,0x00000000acf00000)
 Metaspace       used 86630K, capacity 90508K, committed 91136K, reserved 1128448K
  class space    used 10885K, capacity 11636K, committed 11776K, reserved 1048576K
GC Heap History (10 events):
Event: 2393.216 GC heap after
Heap after GC invocations=36 (full 4):
 PSYoungGen      total 324096K, used 0K [0x00000000e0000000, 0x00000000fa900000, 0x0000000100000000)
  eden space 221184K, 0% used [0x00000000e0000000,0x00000000e0000000,0x00000000ed800000)
  from space 102912K, 0% used [0x00000000f4480000,0x00000000f4480000,0x00000000fa900000)
  to   space 107008K, 0% used [0x00000000ed800000,0x00000000ed800000,0x00000000f4080000)
 ParOldGen       total 211968K, used 65516K [0x00000000a0000000, 0x00000000acf00000, 0x00000000e0000000)
  object space 211968K, 30% used [0x00000000a0000000,0x00000000a3ffb218,0x00000000acf00000)
 Metaspace       used 86180K, capacity 89986K, committed 90880K, reserved 1128448K
  class space    used 10860K, capacity 11593K, committed 11776K, reserved 1048576K
}
Event: 2394.794 GC heap before
{Heap before GC invocations=37 (full 4):
 PSYoungGen      total 324096K, used 221184K [0x00000000e0000000, 0x00000000fa900000, 0x0000000100000000)
  eden space 221184K, 100% used [0x00000000e0000000,0x00000000ed800000,0x00000000ed800000)
  from space 102912K, 0% used [0x00000000f4480000,0x00000000f4480000,0x00000000fa900000)
  to   space 107008K, 0% used [0x00000000ed800000,0x00000000ed800000,0x00000000f4080000)
 ParOldGen       total 211968K, used 65516K [0x00000000a0000000, 0x00000000acf00000, 0x00000000e0000000)
  object space 211968K, 30% used [0x00000000a0000000,0x00000000a3ffb218,0x00000000acf00000)
 Metaspace       used 86188K, capacity 89986K, committed 90880K, reserved 1128448K
  class space    used 10860K, capacity 11593K, committed 11776K, reserved 1048576K
Event: 2394.806 GC heap after
Heap after GC invocations=37 (full 4):
 PSYoungGen      total 328192K, used 18432K [0x00000000e0000000, 0x00000000fc700000, 0x0000000100000000)
  eden space 221184K, 0% used [0x00000000e0000000,0x00000000e0000000,0x00000000ed800000)
  from space 107008K, 17% used [0x00000000ed800000,0x00000000eea00100,0x00000000f4080000)
  to   space 106496K, 0% used [0x00000000f5f00000,0x00000000f5f00000,0x00000000fc700000)
 ParOldGen       total 211968K, used 65524K [0x00000000a0000000, 0x00000000acf00000, 0x00000000e0000000)
  object space 211968K, 30% used [0x00000000a0000000,0x00000000a3ffd218,0x00000000acf00000)
 Metaspace       used 86188K, capacity 89986K, committed 90880K, reserved 1128448K
  class space    used 10860K, capacity 11593K, committed 11776K, reserved 1048576K
}
Event: 2396.710 GC heap before
{Heap before GC invocations=38 (full 4):
 PSYoungGen      total 328192K, used 239614K [0x00000000e0000000, 0x00000000fc700000, 0x0000000100000000)
  eden space 221184K, 99% used [0x00000000e0000000,0x00000000ed7ffa00,0x00000000ed800000)
  from space 107008K, 17% used [0x00000000ed800000,0x00000000eea00100,0x00000000f4080000)
  to   space 106496K, 0% used [0x00000000f5f00000,0x00000000f5f00000,0x00000000fc700000)
 ParOldGen       total 211968K, used 65524K [0x00000000a0000000, 0x00000000acf00000, 0x00000000e0000000)
  object space 211968K, 30% used [0x00000000a0000000,0x00000000a3ffd218,0x00000000acf00000)
 Metaspace       used 86220K, capacity 90020K, committed 90880K, reserved 1128448K
  class space    used 10863K, capacity 11598K, committed 11776K, reserved 1048576K
Event: 2396.728 GC heap after
Heap after GC invocations=38 (full 4):
 PSYoungGen      total 350208K, used 23001K [0x00000000e0000000, 0x00000000fc000000, 0x0000000100000000)
  eden space 250880K, 0% used [0x00000000e0000000,0x00000000e0000000,0x00000000ef500000)
  from space 99328K, 23% used [0x00000000f5f00000,0x00000000f7576590,0x00000000fc000000)
  to   space 103936K, 0% used [0x00000000ef500000,0x00000000ef500000,0x00000000f5a80000)
 ParOldGen       total 211968K, used 65524K [0x00000000a0000000, 0x00000000acf00000, 0x00000000e0000000)
  object space 211968K, 30% used [0x00000000a0000000,0x00000000a3ffd218,0x00000000acf00000)
 Metaspace       used 86220K, capacity 90020K, committed 90880K, reserved 1128448K
  class space    used 10863K, capacity 11598K, committed 11776K, reserved 1048576K
}
Event: 2397.322 GC heap before
{Heap before GC invocations=39 (full 4):
 PSYoungGen      total 350208K, used 273758K [0x00000000e0000000, 0x00000000fc000000, 0x0000000100000000)
  eden space 250880K, 99% used [0x00000000e0000000,0x00000000ef4e1328,0x00000000ef500000)
  from space 99328K, 23% used [0x00000000f5f00000,0x00000000f7576590,0x00000000fc000000)
  to   space 103936K, 0% used [0x00000000ef500000,0x00000000ef500000,0x00000000f5a80000)
 ParOldGen       total 211968K, used 65524K [0x00000000a0000000, 0x00000000acf00000, 0x00000000e0000000)
  object space 211968K, 30% used [0x00000000a0000000,0x00000000a3ffd218,0x00000000acf00000)
 Metaspace       used 86247K, capacity 90054K, committed 90880K, reserved 1128448K
  class space    used 10866K, capacity 11603K, committed 11776K, reserved 1048576K
Event: 2397.367 GC heap after
Heap after GC invocations=39 (full 4):
 PSYoungGen      total 354816K, used 66884K [0x00000000e0000000, 0x00000000fee00000, 0x0000000100000000)
  eden space 250880K, 0% used [0x00000000e0000000,0x00000000e0000000,0x00000000ef500000)
  from space 103936K, 64% used [0x00000000ef500000,0x00000000f3651318,0x00000000f5a80000)
  to   space 106496K, 0% used [0x00000000f8600000,0x00000000f8600000,0x00000000fee00000)
 ParOldGen       total 211968K, used 65532K [0x00000000a0000000, 0x00000000acf00000, 0x00000000e0000000)
  object space 211968K, 30% used [0x00000000a0000000,0x00000000a3fff218,0x00000000acf00000)
 Metaspace       used 86247K, capacity 90054K, committed 90880K, reserved 1128448K
  class space    used 10866K, capacity 11603K, committed 11776K, reserved 1048576K
}
Event: 2519.895 GC heap before
{Heap before GC invocations=40 (full 4):
 PSYoungGen      total 354816K, used 317764K [0x00000000e0000000, 0x00000000fee00000, 0x0000000100000000)
  eden space 250880K, 100% used [0x00000000e0000000,0x00000000ef500000,0x00000000ef500000)
  from space 103936K, 64% used [0x00000000ef500000,0x00000000f3651318,0x00000000f5a80000)
  to   space 106496K, 0% used [0x00000000f8600000,0x00000000f8600000,0x00000000fee00000)
 ParOldGen       total 211968K, used 65532K [0x00000000a0000000, 0x00000000acf00000, 0x00000000e0000000)
  object space 211968K, 30% used [0x00000000a0000000,0x00000000a3fff218,0x00000000acf00000)
 Metaspace       used 86374K, capacity 90180K, committed 90880K, reserved 1128448K
  class space    used 10879K, capacity 11624K, committed 11776K, reserved 1048576K
Event: 2519.915 GC heap after
Heap after GC invocations=40 (full 4):
 PSYoungGen      total 385024K, used 26583K [0x00000000e0000000, 0x00000000fe480000, 0x0000000100000000)
  eden space 288256K, 0% used [0x00000000e0000000,0x00000000e0000000,0x00000000f1980000)
  from space 96768K, 27% used [0x00000000f8600000,0x00000000f9ff5df0,0x00000000fe480000)
  to   space 103936K, 0% used [0x00000000f1980000,0x00000000f1980000,0x00000000f7f00000)
 ParOldGen       total 211968K, used 65540K [0x00000000a0000000, 0x00000000acf00000, 0x00000000e0000000)
  object space 211968K, 30% used [0x00000000a0000000,0x00000000a4001218,0x00000000acf00000)
 Metaspace       used 86374K, capacity 90180K, committed 90880K, reserved 1128448K
  class space    used 10879K, capacity 11624K, committed 11776K, reserved 1048576K
}
Event: 7791.670 GC heap before
{Heap before GC invocations=41 (full 4):
 PSYoungGen      total 385024K, used 314839K [0x00000000e0000000, 0x00000000fe480000, 0x0000000100000000)
  eden space 288256K, 100% used [0x00000000e0000000,0x00000000f1980000,0x00000000f1980000)
  from space 96768K, 27% used [0x00000000f8600000,0x00000000f9ff5df0,0x00000000fe480000)
  to   space 103936K, 0% used [0x00000000f1980000,0x00000000f1980000,0x00000000f7f00000)
 ParOldGen       total 211968K, used 65540K [0x00000000a0000000, 0x00000000acf00000, 0x00000000e0000000)
  object space 211968K, 30% used [0x00000000a0000000,0x00000000a4001218,0x00000000acf00000)
 Metaspace       used 86630K, capacity 90508K, committed 91136K, reserved 1128448K
  class space    used 10885K, capacity 11636K, committed 11776K, reserved 1048576K

